\o Program:		@(#)$CDS: cdsLibEditor version 6.1.6 - CAT33 07/09/2015 16:05 (sjfnl733) $
\o Sub version:		sub-version  s018 
\o Arguments:		-cdslib /home/DREXEL/snv27/IBM_CMOS7RF/cds.lib -mpssession virtuoso12972 -mpshost xunil-03.coe.drexel.edu 
\o Working Directory:	xunil-03.coe.drexel.edu:/home/DREXEL/snv27/IBM_CMOS7RF
\o 64-bit offsets
\a nrSetWindowVisibility(cdsLibEditor "show")
\o Qt version: 		4.7.2
\a nrSetCurrentWindow(cdsLibEditor)
\a nrListItemAction(cdsLibEditor->mainTable 0 0)
\o Active cell: 0 0 "analogLib"
\a nrResizeWindow(cdsLibEditor list(125 125 500 400))
\a nrResizeWindow(cdsLibEditor list(579 182 500 400))
\a nrListItemAction(cdsLibEditor->mainTable 10 0)
\o Active cell: 10 0 ""
\a nrListItemAction(cdsLibEditor->mainTable 10 1)
\o Active cell: 10 1 ""
\o QUESTION (CLE-200): The directory "/home/DREXEL/snv27/Project/ECEC472/MIPS_Processor" \ndoesn't exist. If other tools use this file, \nan error will occur unless you either create \nthe directory you have specified or change the \npath to an existing directory. \n\nDo you want to create a new library? 
\a nrSetWindowVisibility(needCreateDialog "show")
\a nrSetCurrentWindow(needCreateDialog)
\a nrResizeWindow(needCreateDialog list(150 150 472 200))
\a needCreateDialog->cancelButton->value = t
\a nrListItemAction(cdsLibEditor->mainTable 11 0)
\o Active cell: 11 0 ""
\a nrSetCurrentWindow(cdsLibEditor)
\a nrListItemAction(cdsLibEditor->mainTable 10 1)
\o Active cell: 10 1 "/home/DREXEL/snv27/Project/ECEC472/MIPS_Processor"
\a nrListItemAction(cdsLibEditor->mainTable 11 0)
\o Active cell: 11 0 ""
\a cdsLibEditor->fileSaveButton->value = t
\a cdsLibEditor->fileExitButton->value = t
\a nrSetWindowVisibility(cdsLibEditor "hide")
\a exit(0)
