\o Program:		@(#)$CDS: libManager version 6.1.6 - CAT33 07/09/2015 16:04 (sjfnl733) $
\o Sub version:		sub-version  s018 
\o Arguments:		-unmapped -mpssession virtuoso27187 -mpshost xunil-03.coe.drexel.edu 
\o Working Directory:	xunil-03.coe.drexel.edu:/home/DREXEL/snv27/IBM_CMOS7RF
\o 64-bit offsets
\o Qt version: 		4.7.2
\o changeWorkingDir("/home/DREXEL/snv27/IBM_CMOS7RF") unnecessary.
\o ddSetForcedLib("") unnecessary.
\o Log file is "/home/DREXEL/snv27/IBM_CMOS7RF/libManager.log".
\o Opening libManager window.
\a nrSetWindowVisibility(cdsLibManager "show")
\o MPS service: map window
\a nrSetCurrentWindow(cdsLibManager)
\o Library Manager customization server connected.
\a nrResizeWindow(cdsLibManager list(1031 151 600 448))
\a nrResizeWindow(cdsLibManager list(705 155 600 448))
\a cdsLibManager->libListBox->value = "ECEC471_Lib"
\a cdsLibManager->libLineEdit->value = "ECEC471_Lib"
\a cdsLibManager->cellListBox->value = "1-bitALU"
\a lmgrLogShowPopup("mainListPopup1" 28 10 2 "1-bitALU")
\a cdsLibManager->cellLineEdit->value = "1-bitALU"
\a cdsLibManager->editRenameButton->value = t
\a basicRenameForm->basicRenameFromEdit->value = "1-bitALU"
\a nrSetWindowVisibility(basicRenameForm "show")
\a basicRenameForm->basicRenameToEdit->value = "1-bitALU"
\a nrSetCurrentWindow(basicRenameForm)
\a nrResizeWindow(basicRenameForm list(125 125 343 180))
\a basicRenameForm->basicRenameToEdit->value = "1bitALU"
\a nrDialogAccept(basicRenameForm)
\a basicRenameForm->OK->value = t
\o Renaming Cell "1-bitALU" to "1bitALU" in library "ECEC471_Lib".
\a nrSetWindowVisibility(workingDialogForm "show")
\a nrSetCurrentWindow(workingDialogForm)
\a basicRenameForm->basicRenameToEdit->value = "1bitALU"
\a nrResizeWindow(workingDialogForm list(150 150 281 131))
\a cdsLibManager->cellListBox->value = nil
\a cdsLibManager->cellLineEdit->value = ""
\a cdsLibManager->libListBox->value = nil
\a cdsLibManager->libLineEdit->value = ""
\a cdsLibManager->libListBox->value = "ECEC471_Lib"
\a cdsLibManager->libLineEdit->value = "ECEC471_Lib"
\a nrSetCurrentWindow(cdsLibManager)
\a cdsLibManager->cellListBox->value = "16-bitALU"
\a lmgrLogShowPopup("mainListPopup1" 52 116 2 "16-bitALU")
\a cdsLibManager->cellLineEdit->value = "16-bitALU"
\a cdsLibManager->editRenameButton->value = t
\a basicRenameForm->basicRenameFromEdit->value = "16-bitALU"
\a nrSetWindowVisibility(basicRenameForm "show")
\a basicRenameForm->basicRenameToEdit->value = "16-bitALU"
\a nrSetCurrentWindow(basicRenameForm)
\a nrResizeWindow(basicRenameForm list(175 175 343 180))
\a basicRenameForm->basicRenameToEdit->value = "16bitALU"
\a nrDialogAccept(basicRenameForm)
\a basicRenameForm->OK->value = t
\o Renaming Cell "16-bitALU" to "16bitALU" in library "ECEC471_Lib".
\a nrSetWindowVisibility(workingDialogForm "show")
\a nrSetCurrentWindow(workingDialogForm)
\a basicRenameForm->basicRenameToEdit->value = "16bitALU"
\a nrResizeWindow(workingDialogForm list(200 200 281 131))
\a workingDialogForm->Close->value = t
\a nrSetCurrentWindow(basicRenameForm)
\a cdsLibManager->libListBox->value = nil
\a cdsLibManager->cellListBox->value = nil
\a cdsLibManager->cellLineEdit->value = ""
\a cdsLibManager->libLineEdit->value = ""
\a cdsLibManager->libListBox->value = "ECEC471_Lib"
\a cdsLibManager->libLineEdit->value = "ECEC471_Lib"
\a nrSetCurrentWindow(cdsLibManager)
\a cdsLibManager->cellListBox->value = "16-bitALUsim"
\a cdsLibManager->viewListBox->value = "schematic"
\a cdsLibManager->viewLineEdit->value = "schematic"
\a cdsLibManager->viewLineEdit->value = ""
\a cdsLibManager->viewListBox->value = nil
\a lmgrLogShowPopup("mainListPopup1" 55 111 2 "16-bitALUsim")
\a cdsLibManager->cellLineEdit->value = "16-bitALUsim"
\a cdsLibManager->editRenameButton->value = t
\a basicRenameForm->basicRenameFromEdit->value = "16-bitALUsim"
\a nrSetWindowVisibility(basicRenameForm "show")
\a basicRenameForm->basicRenameToEdit->value = "16-bitALUsim"
\a nrSetCurrentWindow(basicRenameForm)
\a nrResizeWindow(basicRenameForm list(225 225 343 180))
\a basicRenameForm->basicRenameToEdit->value = "16bitALUsim"
\a nrDialogAccept(basicRenameForm)
\a basicRenameForm->OK->value = t
\o Renaming Cell "16-bitALUsim" to "16bitALUsim" in library "ECEC471_Lib".
\a nrSetWindowVisibility(workingDialogForm "show")
\a nrSetCurrentWindow(workingDialogForm)
\a basicRenameForm->basicRenameToEdit->value = "16bitALUsim"
\a nrResizeWindow(workingDialogForm list(250 250 281 131))
\a nrSetCurrentWindow(basicRenameForm)
\a cdsLibManager->cellListBox->value = nil
\a cdsLibManager->cellLineEdit->value = ""
\a cdsLibManager->libListBox->value = nil
\a cdsLibManager->libLineEdit->value = ""
\a cdsLibManager->libListBox->value = "ECEC471_Lib"
\a cdsLibManager->libLineEdit->value = "ECEC471_Lib"
\a nrSetCurrentWindow(cdsLibManager)
